Arguments: 
  C:\Program Files\nodejs\node.exe C:\Users\charl\AppData\Roaming\npm\node_modules\yarn\bin\yarn.js add gpx-parser

PATH: 
  C:\tools\ruby30\bin;C:\WINDOWS\system32;C:\WINDOWS;C:\WINDOWS\System32\Wbem;C:\WINDOWS\System32\WindowsPowerShell\v1.0\;C:\WINDOWS\System32\OpenSSH\;C:\Program Files\Git\cmd;C:\Program Files\dotnet\;C:\ProgramData\chocolatey\bin;C:\Program Files\Calibre2\;C:\Program Files\Docker\Docker\resources\bin;C:\ProgramData\DockerDesktop\version-bin;C:\Users\charl\AppData\Roaming\nvm;C:\Program Files\nodejs;C:\Program Files\Go\bin;C:\Users\charl\.cargo\bin;C:\Users\charl\AppData\Local\Programs\Python\Python37-32\Scripts\;C:\Users\charl\AppData\Local\Programs\Python\Python37-32\;C:\Users\charl\AppData\Local\Microsoft\WindowsApps;C:\Users\charl\AppData\Roaming\npm;C:\Users\charl\AppData\Local\Programs\Microsoft VS Code\bin;C:\Users\charl\.dotnet\tools;C:\Users\charl\bin\platform-tools;C:\Users\charl\bin;C:\Program Files (x86)\GitHub CLI\;c:\data\bin;C:\Program Files\PostgreSQL\12\bin;C:\Program Files\PostgreSQL\12\lib;C:\Users\charl\AppData\Local\Programs\espanso;C:\Users\charl\AppData\Local\Pandoc\;C:\Users\charl\AppData\Local\Programs\MiKTeX\miktex\bin\x64\;C:\Users\charl\go\bin

Yarn version: 
  1.22.19

Node version: 
  18.12.1

Platform: 
  win32 x64

Trace: 
  Error: https://registry.yarnpkg.com/gpx-parser: Not found
      at params.callback [as _callback] (C:\Users\charl\AppData\Roaming\npm\node_modules\yarn\lib\cli.js:66145:18)
      at self.callback (C:\Users\charl\AppData\Roaming\npm\node_modules\yarn\lib\cli.js:140890:22)
      at Request.emit (node:events:513:28)
      at Request.<anonymous> (C:\Users\charl\AppData\Roaming\npm\node_modules\yarn\lib\cli.js:141862:10)
      at Request.emit (node:events:513:28)
      at IncomingMessage.<anonymous> (C:\Users\charl\AppData\Roaming\npm\node_modules\yarn\lib\cli.js:141784:12)
      at Object.onceWrapper (node:events:627:28)
      at IncomingMessage.emit (node:events:525:35)
      at endReadableNT (node:internal/streams/readable:1359:12)
      at process.processTicksAndRejections (node:internal/process/task_queues:82:21)

npm manifest: 
  {
    "name": "gpx-tools",
    "version": "1.0.0",
    "description": "",
    "main": "dist/index.js",
    "scripts": {
      "test": "echo \"Error: no test specified\" && exit 1",
      "build": "tsc",
      "clean": "rimraf dist/",
      "rebuild": "npm run clean && npm run build",
      "prepublish": "npm run rebuild",
      "start": "npm run build && node dist/index.js"
    },
    "author": "",
    "license": "ISC",
    "devDependencies": {
      "@types/node": "^20.3.1",
      "rimraf": "^5.0.1",
      "ts-loader": "^9.4.3",
      "ts-node": "^10.9.1",
      "typescript": "^5.1.3"
    },
    "bin": {
      "gpx-tools": "./bin/gpx-tools"
    }
  }

yarn manifest: 
  No manifest

Lockfile: 
  No lockfile
